<?xml version="1.0" encoding="UTF-8"?>
<!-- Generated by org.testng.reporters.JUnitReportReporter -->
<testsuite hostname="cfabdedaaffa321729518beebacfadacfcone-0" failures="0" tests="1" name="com.hybriddemo.TestHybrid" time="4.728" errors="0" timestamp="2025-01-05T06:10:37 UTC" skipped="0">
  <testcase classname="com.hybriddemo.TestHybrid" name="testHotel" time="4.728"/>
</testsuite> <!-- com.hybriddemo.TestHybrid -->
