<?xml version="1.0" encoding="UTF-8"?>
<!-- Generated by org.testng.reporters.JUnitReportReporter -->
<testsuite hostname="cfabdedaaffa321729518beebacfadacfcone-0" failures="0" tests="1" name="com.hybriddemo.TestHybrid" time="5.163" errors="0" timestamp="2025-01-05T07:03:16 UTC" skipped="0">
  <testcase classname="com.hybriddemo.TestHybrid" name="testHotel" time="5.163"/>
</testsuite> <!-- com.hybriddemo.TestHybrid -->
