<?xml version="1.0" encoding="UTF-8"?>
<!-- Generated by org.testng.reporters.JUnitReportReporter -->
<testsuite hostname="cfabdedaaffa321729518beebacfadacfcone-0" failures="0" tests="3" name="com.hybriddemo.TestHybrid" time="13.337" errors="0" timestamp="2025-01-05T07:16:04 UTC" skipped="0">
  <testcase classname="com.hybriddemo.TestHybrid" name="testHotel" time="4.199"/>
  <testcase classname="com.hybriddemo.TestHybrid" name="testHotel" time="5.332"/>
  <testcase classname="com.hybriddemo.TestHybrid" name="testHotel" time="3.806"/>
</testsuite> <!-- com.hybriddemo.TestHybrid -->
