<?xml version="1.0" encoding="UTF-8"?>
<!-- Generated by org.testng.reporters.JUnitReportReporter -->
<testsuite hostname="cfabdedaaffa321729518beebacfadacfcone-0" failures="0" tests="3" name="com.hybriddemo.TestHybrid" time="26.603" errors="0" timestamp="2025-01-05T09:11:54 UTC" skipped="0">
  <testcase classname="com.hybriddemo.TestHybrid" name="testHotel" time="8.702"/>
  <testcase classname="com.hybriddemo.TestHybrid" name="testHotel" time="9.238"/>
  <testcase classname="com.hybriddemo.TestHybrid" name="testHotel" time="8.663"/>
</testsuite> <!-- com.hybriddemo.TestHybrid -->
