<?xml version="1.0" encoding="UTF-8"?>
<!-- Generated by org.testng.reporters.JUnitReportReporter -->
<testsuite hostname="cfabdedaaffa321729518beebacfadacfcone-0" failures="0" tests="3" name="com.hybriddemo.TestHybrid" time="29.229" errors="0" timestamp="2025-01-05T07:40:16 UTC" skipped="0">
  <testcase classname="com.hybriddemo.TestHybrid" name="testHotel" time="9.154"/>
  <testcase classname="com.hybriddemo.TestHybrid" name="testHotel" time="11.036"/>
  <testcase classname="com.hybriddemo.TestHybrid" name="testHotel" time="9.039"/>
</testsuite> <!-- com.hybriddemo.TestHybrid -->
