<?xml version="1.0" encoding="UTF-8"?>
<!-- Generated by org.testng.reporters.JUnitReportReporter -->
<testsuite hostname="cfabdedaaffa321729518beebacfadacfcone-0" failures="0" tests="3" name="com.hybriddemo.TestHybrid" time="28.210" errors="0" timestamp="2025-01-05T09:47:01 UTC" skipped="0">
  <testcase classname="com.hybriddemo.TestHybrid" name="testHotel" time="9.992"/>
  <testcase classname="com.hybriddemo.TestHybrid" name="testHotel" time="9.694"/>
  <testcase classname="com.hybriddemo.TestHybrid" name="testHotel" time="8.524"/>
</testsuite> <!-- com.hybriddemo.TestHybrid -->
