<?xml version="1.0" encoding="UTF-8"?>
<!-- Generated by org.testng.reporters.JUnitReportReporter -->
<testsuite hostname="cfabdedaaffa321729518beebacfadacfcone-0" failures="0" tests="1" name="com.hybriddemo.TestHybrid" time="3.522" errors="0" timestamp="2025-01-05T05:47:47 UTC" skipped="0">
  <testcase classname="com.hybriddemo.TestHybrid" name="testHotel" time="3.522"/>
</testsuite> <!-- com.hybriddemo.TestHybrid -->
