<?xml version="1.0" encoding="UTF-8"?>
<!-- Generated by org.testng.reporters.JUnitReportReporter -->
<testsuite hostname="cfabdedaaffa321729518beebacfadacfcone-0" failures="0" tests="1" name="com.example.TestSadhguru" time="0.888" errors="0" timestamp="2024-12-31T05:08:10 UTC" skipped="0">
  <testcase classname="com.example.TestSadhguru" name="testHotelApp" time="0.888"/>
</testsuite> <!-- com.example.TestSadhguru -->
