<?xml version="1.0" encoding="UTF-8"?>
<!-- Generated by org.testng.reporters.JUnitReportReporter -->
<testsuite hostname="cfabdedaaffa321729518beebacfadacfcone-0" failures="0" tests="3" name="com.example.TestHotel" time="3.866" errors="0" timestamp="2024-12-31T06:46:20 UTC" skipped="0">
  <testcase classname="com.example.TestHotel" name="hotelOpenBrowser" time="3.128"/>
  <testcase classname="com.example.TestHotel" name="login" time="0.654"/>
  <testcase classname="com.example.TestHotel" name="close" time="0.084"/>
</testsuite> <!-- com.example.TestHotel -->
